<?xml version="1.0" encoding="UTF-8"?>
<testsuite name="sample.SampleTests" tests="1" skipped="0" failures="0" errors="0" timestamp="2019-04-15T07:03:05" hostname="wsmsa-269" time="0.017">
  <properties/>
  <testcase name="testMe" classname="sample.SampleTests" time="0.017"/>
  <system-out><![CDATA[]]></system-out>
  <system-err><![CDATA[]]></system-err>
</testsuite>
